#
# A fatal error has been detected by the Java Runtime Environment:
#
#  EXCEPTION_ACCESS_VIOLATION (0xc0000005) at pc=0x000000006cca70d7, pid=4936, tid=1072
#
# JRE version: Java(TM) SE Runtime Environment (8.0_25-b18) (build 1.8.0_25-b18)
# Java VM: Java HotSpot(TM) 64-Bit Server VM (25.25-b02 mixed mode windows-amd64 compressed oops)
# Problematic frame:
# C  [nio.dll+0x70d7]
#
# Failed to write core dump. Minidumps are not enabled by default on client versions of Windows
#
# If you would like to submit a bug report, please visit:
#   http://bugreport.sun.com/bugreport/crash.jsp
# The crash happened outside the Java Virtual Machine in native code.
# See problematic frame for where to report the bug.
#

---------------  T H R E A D  ---------------

Current thread (0x0000000057743000):  JavaThread "stderr" [_thread_in_native, id=1072, stack(0x000000005d430000,0x000000005d530000)]

siginfo: ExceptionCode=0xc0000005, writing address 0x000000005d524000

Registers:
RAX=0x000000000000d0e0, RBX=0x00000000dac88fa8, RCX=0x00000000577431e8, RDX=0x000000005d52e020
RSP=0x000000005d52df88, RBP=0x000000005d520fc0, RSI=0x00000000dac87f90, RDI=0x00000000dac86f78
R8 =0x0000000053db9000, R9 =0x0000000000000002, R10=0x000000005d520000, R11=0x000000005d524000
R12=0x0000000000000000, R13=0x00000000dabb6990, R14=0x0000000000000004, R15=0x0000000057743000
RIP=0x000000006cca70d7, EFLAGS=0x0000000000010287

Top of Stack: (sp=0x000000005d52df88)
0x000000005d52df88:   0000000003d12152 000000005ae58ab0
0x000000005d52df98:   000000006cca6a7e 0000000057743000
0x000000005d52dfa8:   0000000000000004 00000000dabb6990
0x000000005d52dfb8:   0000000000000000 00000000dac86f78
0x000000005d52dfc8:   00000000dac87f90 000000005d52e060
0x000000005d52dfd8:   0000000003d121d0 00000000c1a74b78
0x000000005d52dfe8:   00000000dac88fa8 00000000c1a74b78
0x000000005d52dff8:   0000000057743000 000000005d52e038
0x000000005d52e008:   000000005d52e040 000000005d52e048
0x000000005d52e018:   ffffffffffffffff 00000000dac01490
0x000000005d52e028:   0000000000000000 00000000d5696bd0
0x000000005d52e038:   00000000dac86f78 00000000dac87f90
0x000000005d52e048:   00000000dac88fa8 00000000575c6918
0x000000005d52e058:   0000000002cae0ae 00000000d5696bd0
0x000000005d52e068:   0000000003fee593 ffffffffffffffff
0x000000005d52e078:   00000000029ced31 000000005ae57510 

Instructions: (pc=0x000000006cca70d7)
0x000000006cca70b7:   d0 4d 0f 42 d3 65 4c 8b 1c 25 10 00 00 00 4d 3b
0x000000006cca70c7:   d3 73 16 66 41 81 e2 00 f0 4d 8d 9b 00 f0 ff ff
0x000000006cca70d7:   41 c6 03 00 4d 3b d3 75 f0 4c 8b 14 24 4c 8b 5c
0x000000006cca70e7:   24 08 48 83 c4 10 c3 cc cc 40 53 48 83 ec 20 b9 


Register to memory mapping:

RAX=0x000000000000d0e0 is an unknown value
RBX=0x00000000dac88fa8 is an oop
[I 
 - klass: {type array int}
 - length: 1025
RCX=0x00000000577431e8 is an unknown value
RDX=0x000000005d52e020 is pointing into the stack for thread: 0x0000000057743000
RSP=0x000000005d52df88 is pointing into the stack for thread: 0x0000000057743000
RBP=0x000000005d520fc0 is pointing into the stack for thread: 0x0000000057743000
RSI=0x00000000dac87f90 is an oop
[I 
 - klass: {type array int}
 - length: 1025
RDI=0x00000000dac86f78 is an oop
[I 
 - klass: {type array int}
 - length: 1025
R8 =0x0000000053db9000 is an unknown value
R9 =0x0000000000000002 is an unknown value
R10=0x000000005d520000 is pointing into the stack for thread: 0x0000000057743000
R11=0x000000005d524000 is pointing into the stack for thread: 0x0000000057743000
R12=0x0000000000000000 is an unknown value
R13=0x00000000dabb6990 is an oop
java.nio.DirectByteBuffer 
 - klass: 'java/nio/DirectByteBuffer'
R14=0x0000000000000004 is an unknown value
R15=0x0000000057743000 is a thread


Stack: [0x000000005d430000,0x000000005d530000],  sp=0x000000005d52df88,  free space=1015k
Native frames: (J=compiled Java code, j=interpreted, Vv=VM code, C=native code)
C  [nio.dll+0x70d7]

Java frames: (J=compiled Java code, j=interpreted, Vv=VM code)
J 7192  sun.nio.ch.WindowsSelectorImpl$SubSelector.poll0(JI[I[I[IJ)I (0 bytes) @ 0x0000000003d12152 [0x0000000003d120c0+0x92]
J 7811 C1 sun.nio.ch.WindowsSelectorImpl$SubSelector.poll()I (47 bytes) @ 0x0000000003fee593 [0x0000000003fee3e0+0x1b3]
J 7190 C1 sun.nio.ch.WindowsSelectorImpl.doSelect(J)I (136 bytes) @ 0x0000000003d12c86 [0x0000000003d12640+0x646]
J 7808 C1 sun.nio.ch.SelectorImpl.lockAndDoSelect(J)I (72 bytes) @ 0x0000000003fe9532 [0x0000000003fe8fe0+0x552]
J 7189 C1 sun.nio.ch.SelectorImpl.select()I (6 bytes) @ 0x0000000003d0d7f8 [0x0000000003d0d680+0x178]
J 5812 C1 org.gradle.messaging.remote.internal.inet.SocketConnection$SocketOutputStream.flush()V (68 bytes) @ 0x0000000003acb184 [0x0000000003acafa0+0x1e4]
J 7524 C1 org.gradle.messaging.remote.internal.inet.SocketConnection.dispatch(Ljava/lang/Object;)V (51 bytes) @ 0x0000000003ebfec6 [0x0000000003ebf9a0+0x526]
J 7523 C1 org.gradle.launcher.daemon.server.SynchronizedDispatchConnection$1.run()V (17 bytes) @ 0x0000000003ebf45f [0x0000000003ebf340+0x11f]
J 7522 C1 org.gradle.internal.concurrent.Synchronizer.synchronize(Ljava/lang/Runnable;)V (40 bytes) @ 0x0000000003ebe8ff [0x0000000003ebe660+0x29f]
J 7521 C1 org.gradle.launcher.daemon.server.SynchronizedDispatchConnection.dispatch(Ljava/lang/Object;)V (47 bytes) @ 0x0000000003ebe08a [0x0000000003ebdb60+0x52a]
J 7183 C1 org.gradle.launcher.daemon.server.exec.LogToClient$1.onOutput(Lorg/gradle/logging/internal/OutputEvent;)V (39 bytes) @ 0x0000000003d0ec9d [0x0000000003d0e880+0x41d]
J 943 C1 sun.reflect.GeneratedMethodAccessor2.invoke(Ljava/lang/Object;[Ljava/lang/Object;)Ljava/lang/Object; (68 bytes) @ 0x0000000002ae2fdb [0x0000000002ae2c80+0x35b]
J 4899 C2 org.gradle.messaging.dispatch.ReflectionDispatch.dispatch(Ljava/lang/Object;)V (9 bytes) @ 0x00000000037b59f8 [0x00000000037b5960+0x98]
J 8807 C2 org.gradle.messaging.dispatch.ProxyDispatchAdapter$DispatchingInvocationHandler.invoke(Ljava/lang/Object;Ljava/lang/reflect/Method;[Ljava/lang/Object;)Ljava/lang/Object; (179 bytes) @ 0x00000000042ef878 [0x00000000042ef2e0+0x598]
J 2688 C1 com.sun.proxy.$Proxy0.onOutput(Lorg/gradle/logging/internal/OutputEvent;)V (34 bytes) @ 0x0000000003141f4c [0x0000000003141ca0+0x2ac]
J 2646 C1 org.gradle.logging.internal.OutputEventRenderer.onOutput(Lorg/gradle/logging/internal/OutputEvent;)V (96 bytes) @ 0x0000000003126f95 [0x0000000003126780+0x815]
J 8596 C1 org.gradle.logging.internal.logback.LogbackLoggingConfigurer$GradleAppender.append(Lch/qos/logback/classic/spi/ILoggingEvent;)V (100 bytes) @ 0x000000000423b53a [0x000000000423aee0+0x65a]
J 4888 C1 org.gradle.logging.internal.logback.LogbackLoggingConfigurer$GradleAppender.append(Ljava/lang/Object;)V (9 bytes) @ 0x000000000379173e [0x00000000037915c0+0x17e]
J 4887 C1 ch.qos.logback.core.AppenderBase.doAppend(Ljava/lang/Object;)V (175 bytes) @ 0x00000000037ad37b [0x00000000037acf40+0x43b]
J 4929 C1 ch.qos.logback.core.spi.AppenderAttachableImpl.appendLoopOnAppenders(Ljava/lang/Object;)I (46 bytes) @ 0x000000000284ed2e [0x000000000284e600+0x72e]
J 7268 C1 ch.qos.logback.classic.Logger.callAppenders(Lch/qos/logback/classic/spi/ILoggingEvent;)V (47 bytes) @ 0x00000000036a01c4 [0x00000000036a0060+0x164]
J 6804 C1 ch.qos.logback.classic.Logger.filterAndLog_0_Or3Plus(Ljava/lang/String;Lorg/slf4j/Marker;Lch/qos/logback/classic/Level;Ljava/lang/String;[Ljava/lang/Object;Ljava/lang/Throwable;)V (61 bytes) @ 0x0000000002902f3a [0x0000000002902820+0x71a]
j  ch.qos.logback.classic.Logger.error(Ljava/lang/String;)V+11
j  org.gradle.api.logging.Logging$LoggerImpl.error(Ljava/lang/String;)V+5
j  org.gradle.api.logging.LogLevel$6.log(Lorg/gradle/api/logging/Logger;Ljava/lang/String;)V+2
J 6822 C1 org.gradle.api.logging.Logging$LoggerImpl.log(Lorg/gradle/api/logging/LogLevel;Ljava/lang/String;)V (7 bytes) @ 0x000000000288dac8 [0x000000000288d9c0+0x108]
j  org.gradle.api.logging.Logger$log$0.call(Ljava/lang/Object;[Ljava/lang/Object;)Ljava/lang/Object;+25
J 4168 C1 org.codehaus.groovy.runtime.callsite.AbstractCallSite.call(Ljava/lang/Object;[Ljava/lang/Object;)Ljava/lang/Object; (7 bytes) @ 0x000000000360567b [0x0000000003605500+0x17b]
J 7613 C1 org.codehaus.groovy.runtime.callsite.AbstractCallSite.call(Ljava/lang/Object;Ljava/lang/Object;Ljava/lang/Object;)Ljava/lang/Object; (11 bytes) @ 0x0000000003f3a744 [0x0000000003f3a360+0x3e4]
j  com.android.build.gradle.internal.LoggerWrapper.error(Ljava/lang/Throwable;Ljava/lang/String;[Ljava/lang/Object;)V+295
j  com.android.ide.common.internal.CommandLineRunner$OutputGrabber.err(Ljava/lang/String;)V+22
j  com.android.utils.GrabProcessOutput$1.run()V+45
v  ~StubRoutines::call_stub

---------------  P R O C E S S  ---------------

Java Threads: ( => current thread )
  0x000000005748f000 JavaThread "stdout" [_thread_in_native, id=3736, stack(0x0000000055900000,0x0000000055a00000)]
=>0x0000000057743000 JavaThread "stderr" [_thread_in_native, id=1072, stack(0x000000005d430000,0x000000005d530000)]
  0x0000000057a8f000 JavaThread "pool-4-thread-1" [_thread_blocked, id=2508, stack(0x00000000556d0000,0x00000000557d0000)]
  0x000000005392d800 JavaThread "Cancel handler" [_thread_blocked, id=2676, stack(0x000000005b9b0000,0x000000005bab0000)]
  0x0000000054396800 JavaThread "Handler for socket connection from /127.0.0.1:53703 to /127.0.0.1:53770" [_thread_in_native, id=3992, stack(0x0000000057cd0000,0x0000000057dd0000)]
  0x0000000053790000 JavaThread "Daemon worker Thread 3" [_thread_blocked, id=2276, stack(0x0000000056510000,0x0000000056610000)]
  0x0000000057580800 JavaThread "Daemon Thread 3" [_thread_blocked, id=4632, stack(0x0000000055800000,0x0000000055900000)]
  0x00000000544b5800 JavaThread "File lock request listener" [_thread_in_native, id=328, stack(0x0000000057e90000,0x0000000057f90000)]
  0x00000000542fb800 JavaThread "Incoming local TCP Connector on port 53703" [_thread_in_native, id=2900, stack(0x0000000055330000,0x0000000055430000)]
  0x000000005268c800 JavaThread "Service Thread" daemon [_thread_blocked, id=3224, stack(0x0000000053380000,0x0000000053480000)]
  0x0000000052689000 JavaThread "C1 CompilerThread1" daemon [_thread_blocked, id=3196, stack(0x0000000052990000,0x0000000052a90000)]
  0x0000000052630800 JavaThread "C2 CompilerThread0" daemon [_thread_blocked, id=5064, stack(0x0000000053250000,0x0000000053350000)]
  0x000000005262f000 JavaThread "Attach Listener" daemon [_thread_blocked, id=812, stack(0x00000000530a0000,0x00000000531a0000)]
  0x000000005262c800 JavaThread "Signal Dispatcher" daemon [_thread_blocked, id=3160, stack(0x0000000052eb0000,0x0000000052fb0000)]
  0x00000000021c5000 JavaThread "Finalizer" daemon [_thread_blocked, id=3392, stack(0x0000000052cb0000,0x0000000052db0000)]
  0x00000000021c3800 JavaThread "Reference Handler" daemon [_thread_blocked, id=3256, stack(0x0000000052ab0000,0x0000000052bb0000)]
  0x0000000001d3f000 JavaThread "main" [_thread_blocked, id=3980, stack(0x0000000002370000,0x0000000002470000)]

Other Threads:
  0x00000000021bd000 VMThread [stack: 0x00000000527f0000,0x00000000528f0000] [id=3764]
  0x000000005268e000 WatcherThread [stack: 0x0000000053610000,0x0000000053710000] [id=3432]

VM state:not at safepoint (normal execution)

VM Mutex/Monitor currently owned by a thread: None

Heap:
 def new generation   total 63872K, used 35971K [0x00000000c0000000, 0x00000000c4540000, 0x00000000d5550000)
  eden space 56832K,  52% used [0x00000000c0000000, 0x00000000c1cf88b8, 0x00000000c3780000)
  from space 7040K,  89% used [0x00000000c3780000, 0x00000000c3da8608, 0x00000000c3e60000)
  to   space 7040K,   0% used [0x00000000c3e60000, 0x00000000c3e60000, 0x00000000c4540000)
 tenured generation   total 141624K, used 101518K [0x00000000d5550000, 0x00000000ddf9e000, 0x0000000100000000)
   the space 141624K,  71% used [0x00000000d5550000, 0x00000000db873a70, 0x00000000db873c00, 0x00000000ddf9e000)
 Metaspace       used 70226K, capacity 75120K, committed 75264K, reserved 1114112K
  class space    used 9739K, capacity 11488K, committed 11520K, reserved 1048576K

Card table byte_map: [0x0000000011b00000,0x0000000011d10000] byte_map_base: 0x0000000011500000

Polling page: 0x00000000005c0000

CodeCache: size=245760Kb used=30889Kb max_used=30919Kb free=214870Kb
 bounds [0x0000000002740000, 0x00000000045a0000, 0x0000000011740000]
 total_blobs=8709 nmethods=8022 adapters=599
 compilation: enabled

Compilation events (10 events):
Event: 772.453 Thread 0x0000000052689000 9539       3       com.google.common.hash.AbstractByteHasher::putBytes (8 bytes)
Event: 772.455 Thread 0x0000000052689000 nmethod 9539 0x0000000002a881d0 code [0x0000000002a88360, 0x0000000002a88840]
Event: 772.458 Thread 0x0000000052689000 9540       3       com.google.common.hash.MessageDigestHashFunction$MessageDigestHasher::update (15 bytes)
Event: 772.459 Thread 0x0000000052689000 nmethod 9540 0x00000000029b1090 code [0x00000000029b1240, 0x00000000029b1750]
Event: 772.486 Thread 0x0000000052689000 9541       3       java.nio.HeapCharBuffer::get (14 bytes)
Event: 772.487 Thread 0x0000000052689000 nmethod 9541 0x00000000029b09d0 code [0x00000000029b0b60, 0x00000000029b0ee0]
Event: 772.489 Thread 0x0000000052689000 9542       3       sun.nio.cs.UnicodeEncoder::put (53 bytes)
Event: 772.489 Thread 0x0000000052689000 nmethod 9542 0x00000000029b0210 code [0x00000000029b03c0, 0x00000000029b0890]
Event: 795.249 Thread 0x0000000052689000 9543       3       java.util.concurrent.locks.AbstractQueuedSynchronizer$ConditionObject::doSignal (43 bytes)
Event: 795.250 Thread 0x0000000052689000 nmethod 9543 0x00000000029a91d0 code [0x00000000029a9340, 0x00000000029a96c0]

GC Heap History (10 events):
Event: 708.003 GC heap before
{Heap before GC invocations=60 (full 5):
 def new generation   total 46784K, used 26397K [0x00000000c0000000, 0x00000000c32c0000, 0x00000000d5550000)
  eden space 41600K,  50% used [0x00000000c0000000, 0x00000000c14b7400, 0x00000000c28a0000)
  from space 5184K, 100% used [0x00000000c28a0000, 0x00000000c2db0000, 0x00000000c2db0000)
  to   space 5184K,   0% used [0x00000000c2db0000, 0x00000000c2db0000, 0x00000000c32c0000)
 tenured generation   total 103828K, used 83298K [0x00000000d5550000, 0x00000000dbab5000, 0x0000000100000000)
   the space 103828K,  80% used [0x00000000d5550000, 0x00000000da6a8b10, 0x00000000da6a8c00, 0x00000000dbab5000)
 Metaspace       used 63238K, capacity 67375K, committed 67584K, reserved 1105920K
  class space    used 8745K, capacity 10184K, committed 10240K, reserved 1048576K
Event: 708.656 GC heap after
Heap after GC invocations=61 (full 6):
 def new generation   total 63872K, used 0K [0x00000000c0000000, 0x00000000c4540000, 0x00000000d5550000)
  eden space 56832K,   0% used [0x00000000c0000000, 0x00000000c0000000, 0x00000000c3780000)
  from space 7040K,   0% used [0x00000000c3780000, 0x00000000c3780000, 0x00000000c3e60000)
  to   space 7040K,   0% used [0x00000000c3e60000, 0x00000000c3e60000, 0x00000000c4540000)
 tenured generation   total 141624K, used 84973K [0x00000000d5550000, 0x00000000ddf9e000, 0x0000000100000000)
   the space 141624K,  59% used [0x00000000d5550000, 0x00000000da84b7a8, 0x00000000da84b800, 0x00000000ddf9e000)
 Metaspace       used 63205K, capacity 67261K, committed 67584K, reserved 1105920K
  class space    used 8737K, capacity 10150K, committed 10240K, reserved 1048576K
}
Event: 727.343 GC heap before
{Heap before GC invocations=61 (full 6):
 def new generation   total 63872K, used 56832K [0x00000000c0000000, 0x00000000c4540000, 0x00000000d5550000)
  eden space 56832K, 100% used [0x00000000c0000000, 0x00000000c3780000, 0x00000000c3780000)
  from space 7040K,   0% used [0x00000000c3780000, 0x00000000c3780000, 0x00000000c3e60000)
  to   space 7040K,   0% used [0x00000000c3e60000, 0x00000000c3e60000, 0x00000000c4540000)
 tenured generation   total 141624K, used 84973K [0x00000000d5550000, 0x00000000ddf9e000, 0x0000000100000000)
   the space 141624K,  59% used [0x00000000d5550000, 0x00000000da84b7a8, 0x00000000da84b800, 0x00000000ddf9e000)
 Metaspace       used 63479K, capacity 67793K, committed 67968K, reserved 1107968K
  class space    used 8765K, capacity 10288K, committed 10368K, reserved 1048576K
Event: 727.358 GC heap after
Heap after GC invocations=62 (full 6):
 def new generation   total 63872K, used 2951K [0x00000000c0000000, 0x00000000c4540000, 0x00000000d5550000)
  eden space 56832K,   0% used [0x00000000c0000000, 0x00000000c0000000, 0x00000000c3780000)
  from space 7040K,  41% used [0x00000000c3e60000, 0x00000000c4141d08, 0x00000000c4540000)
  to   space 7040K,   0% used [0x00000000c3780000, 0x00000000c3780000, 0x00000000c3e60000)
 tenured generation   total 141624K, used 84973K [0x00000000d5550000, 0x00000000ddf9e000, 0x0000000100000000)
   the space 141624K,  59% used [0x00000000d5550000, 0x00000000da84b7a8, 0x00000000da84b800, 0x00000000ddf9e000)
 Metaspace       used 63479K, capacity 67793K, committed 67968K, reserved 1107968K
  class space    used 8765K, capacity 10288K, committed 10368K, reserved 1048576K
}
Event: 730.299 GC heap before
{Heap before GC invocations=62 (full 6):
 def new generation   total 63872K, used 59783K [0x00000000c0000000, 0x00000000c4540000, 0x00000000d5550000)
  eden space 56832K, 100% used [0x00000000c0000000, 0x00000000c3780000, 0x00000000c3780000)
  from space 7040K,  41% used [0x00000000c3e60000, 0x00000000c4141d08, 0x00000000c4540000)
  to   space 7040K,   0% used [0x00000000c3780000, 0x00000000c3780000, 0x00000000c3e60000)
 tenured generation   total 141624K, used 84973K [0x00000000d5550000, 0x00000000ddf9e000, 0x0000000100000000)
   the space 141624K,  59% used [0x00000000d5550000, 0x00000000da84b7a8, 0x00000000da84b800, 0x00000000ddf9e000)
 Metaspace       used 66487K, capacity 71145K, committed 71296K, reserved 1110016K
  class space    used 9158K, capacity 10799K, committed 10880K, reserved 1048576K
Event: 730.351 GC heap after
Heap after GC invocations=63 (full 6):
 def new generation   total 63872K, used 7040K [0x00000000c0000000, 0x00000000c4540000, 0x00000000d5550000)
  eden space 56832K,   0% used [0x00000000c0000000, 0x00000000c0000000, 0x00000000c3780000)
  from space 7040K, 100% used [0x00000000c3780000, 0x00000000c3e60000, 0x00000000c3e60000)
  to   space 7040K,   0% used [0x00000000c3e60000, 0x00000000c3e60000, 0x00000000c4540000)
 tenured generation   total 141624K, used 88088K [0x00000000d5550000, 0x00000000ddf9e000, 0x0000000100000000)
   the space 141624K,  62% used [0x00000000d5550000, 0x00000000dab560e0, 0x00000000dab56200, 0x00000000ddf9e000)
 Metaspace       used 66487K, capacity 71145K, committed 71296K, reserved 1110016K
  class space    used 9158K, capacity 10799K, committed 10880K, reserved 1048576K
}
Event: 739.060 GC heap before
{Heap before GC invocations=63 (full 6):
 def new generation   total 63872K, used 63872K [0x00000000c0000000, 0x00000000c4540000, 0x00000000d5550000)
  eden space 56832K, 100% used [0x00000000c0000000, 0x00000000c3780000, 0x00000000c3780000)
  from space 7040K, 100% used [0x00000000c3780000, 0x00000000c3e60000, 0x00000000c3e60000)
  to   space 7040K,   0% used [0x00000000c3e60000, 0x00000000c3e60000, 0x00000000c4540000)
 tenured generation   total 141624K, used 88088K [0x00000000d5550000, 0x00000000ddf9e000, 0x0000000100000000)
   the space 141624K,  62% used [0x00000000d5550000, 0x00000000dab560e0, 0x00000000dab56200, 0x00000000ddf9e000)
 Metaspace       used 67909K, capacity 72745K, committed 72832K, reserved 1112064K
  class space    used 9403K, capacity 11114K, committed 11136K, reserved 1048576K
Event: 739.124 GC heap after
Heap after GC invocations=64 (full 6):
 def new generation   total 63872K, used 7040K [0x00000000c0000000, 0x00000000c4540000, 0x00000000d5550000)
  eden space 56832K,   0% used [0x00000000c0000000, 0x00000000c0000000, 0x00000000c3780000)
  from space 7040K, 100% used [0x00000000c3e60000, 0x00000000c4540000, 0x00000000c4540000)
  to   space 7040K,   0% used [0x00000000c3780000, 0x00000000c3780000, 0x00000000c3e60000)
 tenured generation   total 141624K, used 95125K [0x00000000d5550000, 0x00000000ddf9e000, 0x0000000100000000)
   the space 141624K,  67% used [0x00000000d5550000, 0x00000000db235600, 0x00000000db235600, 0x00000000ddf9e000)
 Metaspace       used 67909K, capacity 72745K, committed 72832K, reserved 1112064K
  class space    used 9403K, capacity 11114K, committed 11136K, reserved 1048576K
}
Event: 750.432 GC heap before
{Heap before GC invocations=64 (full 6):
 def new generation   total 63872K, used 63872K [0x00000000c0000000, 0x00000000c4540000, 0x00000000d5550000)
  eden space 56832K, 100% used [0x00000000c0000000, 0x00000000c3780000, 0x00000000c3780000)
  from space 7040K, 100% used [0x00000000c3e60000, 0x00000000c4540000, 0x00000000c4540000)
  to   space 7040K,   0% used [0x00000000c3780000, 0x00000000c3780000, 0x00000000c3e60000)
 tenured generation   total 141624K, used 95125K [0x00000000d5550000, 0x00000000ddf9e000, 0x0000000100000000)
   the space 141624K,  67% used [0x00000000d5550000, 0x00000000db235600, 0x00000000db235600, 0x00000000ddf9e000)
 Metaspace       used 69710K, capacity 74556K, committed 74752K, reserved 1112064K
  class space    used 9693K, capacity 11409K, committed 11520K, reserved 1048576K
Event: 750.479 GC heap after
Heap after GC invocations=65 (full 6):
 def new generation   total 63872K, used 6305K [0x00000000c0000000, 0x00000000c4540000, 0x00000000d5550000)
  eden space 56832K,   0% used [0x00000000c0000000, 0x00000000c0000000, 0x00000000c3780000)
  from space 7040K,  89% used [0x00000000c3780000, 0x00000000c3da8608, 0x00000000c3e60000)
  to   space 7040K,   0% used [0x00000000c3e60000, 0x00000000c3e60000, 0x00000000c4540000)
 tenured generation   total 141624K, used 101518K [0x00000000d5550000, 0x00000000ddf9e000, 0x0000000100000000)
   the space 141624K,  71% used [0x00000000d5550000, 0x00000000db873a70, 0x00000000db873c00, 0x00000000ddf9e000)
 Metaspace       used 69710K, capacity 74556K, committed 74752K, reserved 1112064K
  class space    used 9693K, capacity 11409K, committed 11520K, reserved 1048576K
}

Deoptimization events (10 events):
Event: 753.366 Thread 0x0000000053790000 Uncommon trap: reason=unreached action=reinterpret pc=0x0000000004459ad8 method=com.sun.tools.javac.code.Scope.enter(Lcom/sun/tools/javac/code/Symbol;Lcom/sun/tools/javac/code/Scope;Lcom/sun/tools/javac/code/Scope;Z)V @ 116
Event: 753.366 Thread 0x0000000053790000 Uncommon trap: reason=unreached action=reinterpret pc=0x0000000003829fa4 method=com.sun.tools.javac.code.Scope.enter(Lcom/sun/tools/javac/code/Symbol;Lcom/sun/tools/javac/code/Scope;Lcom/sun/tools/javac/code/Scope;Z)V @ 116
Event: 753.367 Thread 0x0000000053790000 Uncommon trap: reason=unreached action=reinterpret pc=0x00000000041204f8 method=com.sun.tools.javac.code.Scope.lookup(Lcom/sun/tools/javac/util/Name;Lcom/sun/tools/javac/util/Filter;)Lcom/sun/tools/javac/code/Scope$Entry; @ 19
Event: 753.398 Thread 0x0000000053790000 Uncommon trap: reason=class_check action=maybe_recompile pc=0x0000000004234cb4 method=com.sun.tools.javac.comp.Check.checkType(Lcom/sun/tools/javac/util/JCDiagnostic$DiagnosticPosition;Lcom/sun/tools/javac/code/Type;Lcom/sun/tools/javac/code/Type;Lcom/sun/úŒ(ö‘‡@
Event: 754.245 Thread 0x0000000053790000 Uncommon trap: reason=bimorphic action=maybe_recompile pc=0x00000000045532d8 method=com.sun.tools.javac.model.FilteredMemberList.unwanted(Lcom/sun/tools/javac/code/Symbol;)Z @ 5
Event: 754.245 Thread 0x0000000053790000 Uncommon trap: reason=bimorphic action=maybe_recompile pc=0x00000000045532d8 method=com.sun.tools.javac.model.FilteredMemberList.unwanted(Lcom/sun/tools/javac/code/Symbol;)Z @ 5
Event: 754.245 Thread 0x0000000053790000 Uncommon trap: reason=bimorphic action=maybe_recompile pc=0x00000000045532d8 method=com.sun.tools.javac.model.FilteredMemberList.unwanted(Lcom/sun/tools/javac/code/Symbol;)Z @ 5
Event: 754.245 Thread 0x0000000053790000 Uncommon trap: reason=bimorphic action=maybe_recompile pc=0x00000000045532d8 method=com.sun.tools.javac.model.FilteredMemberList.unwanted(Lcom/sun/tools/javac/code/Symbol;)Z @ 5
Event: 754.822 Thread 0x0000000053790000 Uncommon trap: reason=unreached action=reinterpret pc=0x0000000002da8330 method=org.codehaus.groovy.runtime.metaclass.MetaMethodIndex.getMethods(Ljava/lang/Class;Ljava/lang/String;)Lorg/codehaus/groovy/runtime/metaclass/MetaMethodIndex$Entry; @ 61
Event: 754.911 Thread 0x0000000057a8f000 Uncommon trap: reason=unreached action=reinterpret pc=0x00000000035e2950 method=groovy.lang.MetaClassImpl.findPropertyMethod(Ljava/lang/Object;ZZ)Lgroovy/lang/MetaMethod; @ 95

Internal exceptions (10 events):
Event: 755.034 Thread 0x0000000057a8f000 Exception <a 'java/lang/ClassNotFoundException': com/google/common/hash/AbstractStreamingHashFunctionBeanInfo> (0x00000000c1a16b90) thrown at [D:\re\workspace\8-2-build-windows-amd64-cygwin\jdk8u25\1677\hotspot\src\share\vm\classfile\systemDictionary.cpp, _UK*F˜‡@
Event: 755.034 Thread 0x0000000057a8f000 Exception <a 'java/security/PrivilegedActionException'> (0x00000000c1a17de0) thrown at [D:\re\workspace\8-2-build-windows-amd64-cygwin\jdk8u25\1677\hotspot\src\share\vm\prims\jvm.cpp, line 1312]
Event: 755.034 Thread 0x0000000057a8f000 Exception <a 'java/security/PrivilegedActionException'> (0x00000000c1a1cd80) thrown at [D:\re\workspace\8-2-build-windows-amd64-cygwin\jdk8u25\1677\hotspot\src\share\vm\prims\jvm.cpp, line 1312]
Event: 755.034 Thread 0x0000000057a8f000 Exception <a 'java/security/PrivilegedActionException'> (0x00000000c1a214d0) thrown at [D:\re\workspace\8-2-build-windows-amd64-cygwin\jdk8u25\1677\hotspot\src\share\vm\prims\jvm.cpp, line 1312]
Event: 755.035 Thread 0x0000000057a8f000 Exception <a 'java/lang/ClassNotFoundException': com/google/common/hash/AbstractStreamingHashFunctionCustomizer> (0x00000000c1a218c0) thrown at [D:\re\workspace\8-2-build-windows-amd64-cygwin\jdk8u25\1677\hotspot\src\share\vm\classfile\systemDictionary.cppfâuG˜‡@
Event: 755.035 Thread 0x0000000057a8f000 Exception <a 'java/security/PrivilegedActionException'> (0x00000000c1a2a9f0) thrown at [D:\re\workspace\8-2-build-windows-amd64-cygwin\jdk8u25\1677\hotspot\src\share\vm\prims\jvm.cpp, line 1312]
Event: 755.035 Thread 0x0000000057a8f000 Exception <a 'java/security/PrivilegedActionException'> (0x00000000c1a2f3d0) thrown at [D:\re\workspace\8-2-build-windows-amd64-cygwin\jdk8u25\1677\hotspot\src\share\vm\prims\jvm.cpp, line 1312]
Event: 755.035 Thread 0x0000000057a8f000 Exception <a 'java/security/PrivilegedActionException'> (0x00000000c1a336f8) thrown at [D:\re\workspace\8-2-build-windows-amd64-cygwin\jdk8u25\1677\hotspot\src\share\vm\prims\jvm.cpp, line 1312]
Event: 755.035 Thread 0x0000000057a8f000 Exception <a 'java/lang/ClassNotFoundException': com/google/common/hash/MessageDigestHashFunctionCustomizer> (0x00000000c1a33ae0) thrown at [D:\re\workspace\8-2-build-windows-amd64-cygwin\jdk8u25\1677\hotspot\src\share\vm\classfile\systemDictionary.cpp, liõû–˜‡@
Event: 755.074 Thread 0x0000000057a8f000 Exception <a 'java/security/PrivilegedActionException'> (0x00000000c1a49a38) thrown at [D:\re\workspace\8-2-build-windows-amd64-cygwin\jdk8u25\1677\hotspot\src\share\vm\prims\jvm.cpp, line 1312]

Events (10 events):
Event: 795.252 Thread 0x0000000052689000 flushing nmethod 0x00000000035bdd50
Event: 795.253 Thread 0x0000000052689000 flushing nmethod 0x00000000035fd090
Event: 795.341 Thread 0x0000000057743000 Thread added: 0x0000000057743000
Event: 795.341 Thread 0x000000005748f000 Thread added: 0x000000005748f000
Event: 800.165 Executing VM operation: RevokeBias
Event: 800.165 Executing VM operation: RevokeBias done
Event: 800.165 Executing VM operation: RevokeBias
Event: 800.166 Executing VM operation: RevokeBias done
Event: 800.166 Executing VM operation: RevokeBias
Event: 800.166 Executing VM operation: RevokeBias done


Dynamic libraries:
0x000000013f6e0000 - 0x000000013f714000 	C:\Program Files\Java\jdk1.8.0_25\bin\java.exe
0x0000000076dd0000 - 0x0000000076f79000 	C:\Windows\SYSTEM32\ntdll.dll
0x0000000076cb0000 - 0x0000000076dcf000 	C:\Windows\system32\kernel32.dll
0x000007fefcbb0000 - 0x000007fefcc1c000 	C:\Windows\system32\KERNELBASE.dll
0x000007fefcf50000 - 0x000007fefd02b000 	C:\Windows\system32\ADVAPI32.dll
0x000007fefdcf0000 - 0x000007fefdd8f000 	C:\Windows\system32\msvcrt.dll
0x000007fefed70000 - 0x000007fefed8f000 	C:\Windows\SYSTEM32\sechost.dll
0x000007fefd030000 - 0x000007fefd15d000 	C:\Windows\system32\RPCRT4.dll
0x0000000076bb0000 - 0x0000000076caa000 	C:\Windows\system32\USER32.dll
0x000007fefecd0000 - 0x000007fefed37000 	C:\Windows\system32\GDI32.dll
0x000007fefdab0000 - 0x000007fefdabe000 	C:\Windows\system32\LPK.dll
0x000007fefd430000 - 0x000007fefd4f9000 	C:\Windows\system32\USP10.dll
0x000007fefb5f0000 - 0x000007fefb7e4000 	C:\Windows\WinSxS\amd64_microsoft.windows.common-controls_6595b64144ccf1df_6.0.7601.17514_none_fa396087175ac9ac\COMCTL32.dll
0x000007fefd6e0000 - 0x000007fefd751000 	C:\Windows\system32\SHLWAPI.dll
0x000007fefed40000 - 0x000007fefed6e000 	C:\Windows\system32\IMM32.DLL
0x000007fefde30000 - 0x000007fefdf39000 	C:\Windows\system32\MSCTF.dll
0x0000000062c20000 - 0x0000000062cf2000 	C:\Program Files\Java\jdk1.8.0_25\jre\bin\msvcr100.dll
0x0000000055cb0000 - 0x000000005650a000 	C:\Program Files\Java\jdk1.8.0_25\jre\bin\server\jvm.dll
0x000007fef9ef0000 - 0x000007fef9ef9000 	C:\Windows\system32\WSOCK32.dll
0x000007fefd160000 - 0x000007fefd1ad000 	C:\Windows\system32\WS2_32.dll
0x000007fefd3c0000 - 0x000007fefd3c8000 	C:\Windows\system32\NSI.dll
0x000007fef99d0000 - 0x000007fef9a0b000 	C:\Windows\system32\WINMM.dll
0x0000000076fa0000 - 0x0000000076fa7000 	C:\Windows\system32\PSAPI.DLL
0x0000000070f20000 - 0x0000000070f2f000 	C:\Program Files\Java\jdk1.8.0_25\jre\bin\verify.dll
0x000000006cd50000 - 0x000000006cd78000 	C:\Program Files\Java\jdk1.8.0_25\jre\bin\java.dll
0x000000006cd90000 - 0x000000006cda6000 	C:\Program Files\Java\jdk1.8.0_25\jre\bin\zip.dll
0x000007fefdf40000 - 0x000007fefecc8000 	C:\Windows\system32\SHELL32.dll
0x000007fefd1b0000 - 0x000007fefd3b3000 	C:\Windows\system32\ole32.dll
0x000007fefcb90000 - 0x000007fefcb9f000 	C:\Windows\system32\profapi.dll
0x000007fefc390000 - 0x000007fefc3a7000 	C:\Windows\system32\CRYPTSP.dll
0x000007fefc090000 - 0x000007fefc0d7000 	C:\Windows\system32\rsaenh.dll
0x000007fefce10000 - 0x000007fefce2e000 	C:\Windows\system32\USERENV.dll
0x000007fefc9f0000 - 0x000007fefc9ff000 	C:\Windows\system32\CRYPTBASE.dll
0x000000006cce0000 - 0x000000006ccfa000 	C:\Program Files\Java\jdk1.8.0_25\jre\bin\net.dll
0x000007fefc330000 - 0x000007fefc385000 	C:\Windows\system32\mswsock.dll
0x000007fefc320000 - 0x000007fefc327000 	C:\Windows\System32\wship6.dll
0x000007fefa400000 - 0x000007fefa427000 	C:\Windows\system32\IPHLPAPI.DLL
0x000007fefa3f0000 - 0x000007fefa3fb000 	C:\Windows\system32\WINNSI.DLL
0x000007fefa2e0000 - 0x000007fefa2f1000 	C:\Windows\system32\dhcpcsvc6.DLL
0x000007fefa2c0000 - 0x000007fefa2d8000 	C:\Windows\system32\dhcpcsvc.DLL
0x000000006cca0000 - 0x000000006ccb1000 	C:\Program Files\Java\jdk1.8.0_25\jre\bin\nio.dll
0x000007fef9c20000 - 0x000007fef9c32000 	C:\Users\7\AppData\Local\Temp\native-platform307075222828168898dir\native-platform.dll
0x000007fefc990000 - 0x000007fefc9e7000 	C:\Windows\system32\apphelp.dll

VM Arguments:
jvm_args: -XX:MaxPermSize=256m -XX:+HeapDumpOnOutOfMemoryError -Xmx1024m -Dfile.encoding=windows-1252 -Duser.country=US -Duser.language=en -Duser.variant 
java_command: org.gradle.launcher.daemon.bootstrap.GradleDaemon 2.2.1 C:\Users\7\.gradle\daemon 10800000 aa16efe6-823e-4f11-be68-81ca460b65f2 -XX:MaxPermSize=256m -XX:+HeapDumpOnOutOfMemoryError -Xmx1024m -Dfile.encoding=windows-1252 -Duser.country=US -Duser.language=en -Duser.variant
java_class_path (initial): C:\Program Files\Android\Android Studio1\gradle\gradle-2.2.1\lib\gradle-launcher-2.2.1.jar
Launcher Type: SUN_STANDARD

Environment Variables:
JAVA_HOME=C:\Program Files\Java\jdk1.8.0_25
PATH=C:\Users\7\bin\Sencha\Cmd\5.0.3.324;C:\ProgramData\Oracle\Java\javapath;C:\Program Files (x86)\Intel\iCLS Client\;C:\Program Files\Intel\iCLS Client\;C:\Windows\system32;C:\Windows;C:\Windows\System32\Wbem;C:\Windows\System32\WindowsPowerShell\v1.0\;C:\Program Files\Intel\Intel(R) Management Engine Components\DAL;C:\Program Files\Intel\Intel(R) Management Engine Components\IPT;C:\Program Files (x86)\Intel\Intel(R) Management Engine Components\DAL;C:\Program Files (x86)\Intel\Intel(R) Management Engine Components\IPT;C:\Program Files (x86)\Intel\OpenCL SDK\2.0\bin\x86;C:\Program Files (x86)\Intel\OpenCL SDK\2.0\bin\x64;C:\Program Files (x86)\IVI Foundation\VISA\WinNT\Bin;C:\Android;C:\Program Files (x86)\nodejs\;C:\Program Files (x86)\Skype\Phone\;C:\Users\7\AppData\Roaming\npm
USERNAME=7
OS=Windows_NT
PROCESSOR_IDENTIFIER=Intel64 Family 6 Model 42 Stepping 7, GenuineIntel



---------------  S Y S T E M  ---------------

OS: Windows 7 , 64 bit Build 7601 Service Pack 1

CPU:total 1 (1 cores per cpu, 1 threads per core) family 6 model 42 stepping 7, cmov, cx8, fxsr, mmx, sse, sse2, sse3, ssse3, sse4.1, sse4.2, popcnt, clmul, tsc, tscinvbit

Memory: 4k page, physical 4099112k(554616k free), swap 4097248k(93324k free)

vm_info: Java HotSpot(TM) 64-Bit Server VM (25.25-b02) for windows-amd64 JRE (1.8.0_25-b18), built on Oct  7 2014 14:25:37 by "java_re" with MS VC++ 10.0 (VS2010)

time: Sun Apr 12 19:57:51 2015
elapsed time: 800 seconds (0d 0h 13m 20s)

